D:\NICKCHU\COLLEGE\RESEARCH_CHEN\OPENGL\OPENGL_TUTORIAL\1_SETTING_OPENGL\1_SETTING_OPENGL\DEBUG\GAMEMODELS.OBJ
D:\NICKCHU\COLLEGE\RESEARCH_CHEN\OPENGL\OPENGL_TUTORIAL\1_SETTING_OPENGL\1_SETTING_OPENGL\DEBUG\SHADER_LOADER.OBJ
D:\NICKCHU\COLLEGE\RESEARCH_CHEN\OPENGL\OPENGL_TUTORIAL\1_SETTING_OPENGL\1_SETTING_OPENGL\DEBUG\MAIN.OBJ
D:\NICKCHU\COLLEGE\RESEARCH_CHEN\OPENGL\OPENGL_TUTORIAL\1_SETTING_OPENGL\1_SETTING_OPENGL\DEBUG\VC110.PDB
D:\NICKCHU\COLLEGE\RESEARCH_CHEN\OPENGL\OPENGL_TUTORIAL\1_SETTING_OPENGL\DEBUG\1_SETTING_OPENGL.ILK
D:\NICKCHU\COLLEGE\RESEARCH_CHEN\OPENGL\OPENGL_TUTORIAL\1_SETTING_OPENGL\DEBUG\1_SETTING_OPENGL.EXE
D:\NICKCHU\COLLEGE\RESEARCH_CHEN\OPENGL\OPENGL_TUTORIAL\1_SETTING_OPENGL\DEBUG\1_SETTING_OPENGL.PDB
D:\Nickchu\college\Research_Chen\openGL\OpenGL_tutorial\1_Setting_OpenGL\1_Setting_OpenGL\Debug\GameModels.obj
D:\Nickchu\college\Research_Chen\openGL\OpenGL_tutorial\1_Setting_OpenGL\1_Setting_OpenGL\Debug\main.obj
D:\Nickchu\college\Research_Chen\openGL\OpenGL_tutorial\1_Setting_OpenGL\1_Setting_OpenGL\Debug\Shader_Loader.obj
D:\Nickchu\college\Research_Chen\openGL\OpenGL_tutorial\1_Setting_OpenGL\1_Setting_OpenGL\Debug\cl.command.1.tlog
D:\Nickchu\college\Research_Chen\openGL\OpenGL_tutorial\1_Setting_OpenGL\1_Setting_OpenGL\Debug\CL.read.1.tlog
D:\Nickchu\college\Research_Chen\openGL\OpenGL_tutorial\1_Setting_OpenGL\1_Setting_OpenGL\Debug\CL.write.1.tlog
D:\Nickchu\college\Research_Chen\openGL\OpenGL_tutorial\1_Setting_OpenGL\1_Setting_OpenGL\Debug\link-cvtres.read.1.tlog
D:\Nickchu\college\Research_Chen\openGL\OpenGL_tutorial\1_Setting_OpenGL\1_Setting_OpenGL\Debug\link-cvtres.write.1.tlog
D:\Nickchu\college\Research_Chen\openGL\OpenGL_tutorial\1_Setting_OpenGL\1_Setting_OpenGL\Debug\link-rc.read.1.tlog
D:\Nickchu\college\Research_Chen\openGL\OpenGL_tutorial\1_Setting_OpenGL\1_Setting_OpenGL\Debug\link-rc.write.1.tlog
D:\Nickchu\college\Research_Chen\openGL\OpenGL_tutorial\1_Setting_OpenGL\1_Setting_OpenGL\Debug\link.command.1.tlog
D:\Nickchu\college\Research_Chen\openGL\OpenGL_tutorial\1_Setting_OpenGL\1_Setting_OpenGL\Debug\link.read.1.tlog
D:\Nickchu\college\Research_Chen\openGL\OpenGL_tutorial\1_Setting_OpenGL\1_Setting_OpenGL\Debug\link.write.1.tlog
D:\Nickchu\college\Research_Chen\openGL\OpenGL_tutorial\1_Setting_OpenGL\1_Setting_OpenGL\Debug\vc110.idb
D:\Nickchu\college\Research_Chen\openGL\OpenGL_tutorial\1_Setting_OpenGL\1_Setting_OpenGL\Debug\vc110.pdb
D:\Nickchu\college\Research_Chen\openGL\OpenGL_tutorial\1_Setting_OpenGL\Debug\1_Setting_OpenGL.pdb
D:\Nickchu\college\Research_Chen\openGL\OpenGL_tutorial\1_Setting_OpenGL\Debug\1_Setting_OpenGL.exe
D:\Nickchu\college\Research_Chen\openGL\OpenGL_tutorial\1_Setting_OpenGL\Debug\1_Setting_OpenGL.ilk
